<?xml version="1.0" encoding="UTF-8"?>
<testsuite name="com.nexio.tv.metadata.audit.MetadataExecutionAuditGoldenTest" tests="20" skipped="0" failures="1" errors="0" timestamp="2026-04-29T13:36:46.974Z" hostname="KQ2DRW310F" time="97.742">
  <properties/>
  <testcase name="runtime cache decisions use contract TTLs not placeholder TTLs" classname="com.nexio.tv.metadata.audit.MetadataExecutionAuditGoldenTest" time="9.525"/>
  <testcase name="fresh cache hit suppresses provider network for primary metadata" classname="com.nexio.tv.metadata.audit.MetadataExecutionAuditGoldenTest" time="9.29"/>
  <testcase name="crunchyroll imdb anime routes to kitsu via mapping and not catalog hint" classname="com.nexio.tv.metadata.audit.MetadataExecutionAuditGoldenTest" time="0.314"/>
  <testcase name="bundle writer exports coherent combined json and markdown reports" classname="com.nexio.tv.metadata.audit.MetadataExecutionAuditGoldenTest" time="9.321"/>
  <testcase name="metadata audit bundle exports full production readiness scenario matrix" classname="com.nexio.tv.metadata.audit.MetadataExecutionAuditGoldenTest" time="9.347"/>
  <testcase name="localized audit scenarios record same provider english fallback policy" classname="com.nexio.tv.metadata.audit.MetadataExecutionAuditGoldenTest" time="9.391"/>
  <testcase name="single report writer marks artifacts as smoke only" classname="com.nexio.tv.metadata.audit.MetadataExecutionAuditGoldenTest" time="9.512"/>
  <testcase name="built in rail preview scenarios are present in aggregate report" classname="com.nexio.tv.metadata.audit.MetadataExecutionAuditGoldenTest" time="9.508"/>
  <testcase name="field resolver is only final output owner" classname="com.nexio.tv.metadata.audit.MetadataExecutionAuditGoldenTest" time="0.314"/>
  <testcase name="stale cache is served on forced 429 without network success" classname="com.nexio.tv.metadata.audit.MetadataExecutionAuditGoldenTest" time="0.31"/>
  <testcase name="field ownership conflict reports rejected secondary candidate" classname="com.nexio.tv.metadata.audit.MetadataExecutionAuditGoldenTest" time="0.324"/>
  <testcase name="preview renders addon metadata without router or network" classname="com.nexio.tv.metadata.audit.MetadataExecutionAuditGoldenTest" time="0.316"/>
  <testcase name="report writer emits json and markdown artifacts" classname="com.nexio.tv.metadata.audit.MetadataExecutionAuditGoldenTest" time="0.318"/>
  <testcase name="routing rules match spec for all id types" classname="com.nexio.tv.metadata.audit.MetadataExecutionAuditGoldenTest" time="1.262">
    <failure message="java.lang.AssertionError: expected:&lt;ITEM_TYPE_SERIES&gt; but was:&lt;ROUTING_ID_TYPE_CONFLICT&gt;" type="java.lang.AssertionError">java.lang.AssertionError: expected:&lt;ITEM_TYPE_SERIES&gt; but was:&lt;ROUTING_ID_TYPE_CONFLICT&gt;
	at org.junit.Assert.fail(Assert.java:89)
	at org.junit.Assert.failNotEquals(Assert.java:835)
	at org.junit.Assert.assertEquals(Assert.java:120)
	at org.junit.Assert.assertEquals(Assert.java:146)
	at com.nexio.tv.metadata.audit.MetadataExecutionAuditGoldenTest$routing rules match spec for all id types$1.invokeSuspend(MetadataExecutionAuditGoldenTest.kt:130)
	at com.nexio.tv.metadata.audit.MetadataExecutionAuditGoldenTest$routing rules match spec for all id types$1.invoke(MetadataExecutionAuditGoldenTest.kt)
	at com.nexio.tv.metadata.audit.MetadataExecutionAuditGoldenTest$routing rules match spec for all id types$1.invoke(MetadataExecutionAuditGoldenTest.kt)
	at kotlinx.coroutines.test.TestBuildersKt__TestBuildersKt$runTest$2$1$1.invokeSuspend(TestBuilders.kt:317)
	at kotlin.coroutines.jvm.internal.BaseContinuationImpl.resumeWith(ContinuationImpl.kt:34)
	at kotlinx.coroutines.DispatchedTask.run(DispatchedTask.kt:100)
	at kotlinx.coroutines.test.TestDispatcher.processEvent$kotlinx_coroutines_test(TestDispatcher.kt:24)
	at kotlinx.coroutines.test.TestCoroutineScheduler.tryRunNextTaskUnless$kotlinx_coroutines_test(TestCoroutineScheduler.kt:99)
	at kotlinx.coroutines.test.TestBuildersKt__TestBuildersKt$runTest$2$1$workRunner$1.invokeSuspend(TestBuilders.kt:326)
	at kotlin.coroutines.jvm.internal.BaseContinuationImpl.resumeWith(ContinuationImpl.kt:34)
	at kotlinx.coroutines.DispatchedTask.run(DispatchedTask.kt:100)
	at kotlinx.coroutines.EventLoopImplBase.processNextEvent(EventLoop.common.kt:263)
	at kotlinx.coroutines.BlockingCoroutine.joinBlocking(Builders.kt:95)
	at kotlinx.coroutines.BuildersKt__BuildersKt.runBlocking(Builders.kt:69)
	at kotlinx.coroutines.BuildersKt.runBlocking(Unknown Source)
	at kotlinx.coroutines.BuildersKt__BuildersKt.runBlocking$default(Builders.kt:47)
	at kotlinx.coroutines.BuildersKt.runBlocking$default(Unknown Source)
	at kotlinx.coroutines.test.TestBuildersJvmKt.createTestResult(TestBuildersJvm.kt:10)
	at kotlinx.coroutines.test.TestBuildersKt__TestBuildersKt.runTest-8Mi8wO0(TestBuilders.kt:309)
	at kotlinx.coroutines.test.TestBuildersKt.runTest-8Mi8wO0(Unknown Source)
	at kotlinx.coroutines.test.TestBuildersKt__TestBuildersKt.runTest-8Mi8wO0(TestBuilders.kt:167)
	at kotlinx.coroutines.test.TestBuildersKt.runTest-8Mi8wO0(Unknown Source)
	at kotlinx.coroutines.test.TestBuildersKt__TestBuildersKt.runTest-8Mi8wO0$default(TestBuilders.kt:159)
	at kotlinx.coroutines.test.TestBuildersKt.runTest-8Mi8wO0$default(Unknown Source)
	at com.nexio.tv.metadata.audit.MetadataExecutionAuditGoldenTest.routing rules match spec for all id types(MetadataExecutionAuditGoldenTest.kt:80)
	at java.base/jdk.internal.reflect.NativeMethodAccessorImpl.invoke0(Native Method)
	at java.base/jdk.internal.reflect.NativeMethodAccessorImpl.invoke(NativeMethodAccessorImpl.java:77)
	at java.base/jdk.internal.reflect.DelegatingMethodAccessorImpl.invoke(DelegatingMethodAccessorImpl.java:43)
	at java.base/java.lang.reflect.Method.invoke(Method.java:569)
	at org.junit.runners.model.FrameworkMethod$1.runReflectiveCall(FrameworkMethod.java:59)
	at org.junit.internal.runners.model.ReflectiveCallable.run(ReflectiveCallable.java:12)
	at org.junit.runners.model.FrameworkMethod.invokeExplosively(FrameworkMethod.java:56)
	at org.junit.internal.runners.statements.InvokeMethod.evaluate(InvokeMethod.java:17)
	at org.junit.runners.ParentRunner$3.evaluate(ParentRunner.java:306)
	at org.junit.runners.BlockJUnit4ClassRunner$1.evaluate(BlockJUnit4ClassRunner.java:100)
	at org.junit.runners.ParentRunner.runLeaf(ParentRunner.java:366)
	at org.junit.runners.BlockJUnit4ClassRunner.runChild(BlockJUnit4ClassRunner.java:103)
	at org.junit.runners.BlockJUnit4ClassRunner.runChild(BlockJUnit4ClassRunner.java:63)
	at org.junit.runners.ParentRunner$4.run(ParentRunner.java:331)
	at org.junit.runners.ParentRunner$1.schedule(ParentRunner.java:79)
	at org.junit.runners.ParentRunner.runChildren(ParentRunner.java:329)
	at org.junit.runners.ParentRunner.access$100(ParentRunner.java:66)
	at org.junit.runners.ParentRunner$2.evaluate(ParentRunner.java:293)
	at org.junit.runners.ParentRunner$3.evaluate(ParentRunner.java:306)
	at org.junit.runners.ParentRunner.run(ParentRunner.java:413)
	at org.gradle.api.internal.tasks.testing.junit.JUnitTestClassExecutor.runTestClass(JUnitTestClassExecutor.java:112)
	at org.gradle.api.internal.tasks.testing.junit.JUnitTestClassExecutor.execute(JUnitTestClassExecutor.java:58)
	at org.gradle.api.internal.tasks.testing.junit.JUnitTestClassExecutor.execute(JUnitTestClassExecutor.java:40)
	at org.gradle.api.internal.tasks.testing.junit.AbstractJUnitTestClassProcessor.processTestClass(AbstractJUnitTestClassProcessor.java:54)
	at org.gradle.api.internal.tasks.testing.SuiteTestClassProcessor.processTestClass(SuiteTestClassProcessor.java:53)
	at java.base/jdk.internal.reflect.NativeMethodAccessorImpl.invoke0(Native Method)
	at java.base/jdk.internal.reflect.NativeMethodAccessorImpl.invoke(NativeMethodAccessorImpl.java:77)
	at java.base/jdk.internal.reflect.DelegatingMethodAccessorImpl.invoke(DelegatingMethodAccessorImpl.java:43)
	at java.base/java.lang.reflect.Method.invoke(Method.java:569)
	at org.gradle.internal.dispatch.ReflectionDispatch.dispatch(ReflectionDispatch.java:36)
	at org.gradle.internal.dispatch.ReflectionDispatch.dispatch(ReflectionDispatch.java:24)
	at org.gradle.internal.dispatch.ContextClassLoaderDispatch.dispatch(ContextClassLoaderDispatch.java:33)
	at org.gradle.internal.dispatch.ProxyDispatchAdapter$DispatchingInvocationHandler.invoke(ProxyDispatchAdapter.java:92)
	at jdk.proxy1/jdk.proxy1.$Proxy4.processTestClass(Unknown Source)
	at org.gradle.api.internal.tasks.testing.worker.TestWorker$2.run(TestWorker.java:183)
	at org.gradle.api.internal.tasks.testing.worker.TestWorker.executeAndMaintainThreadName(TestWorker.java:132)
	at org.gradle.api.internal.tasks.testing.worker.TestWorker.execute(TestWorker.java:103)
	at org.gradle.api.internal.tasks.testing.worker.TestWorker.execute(TestWorker.java:63)
	at org.gradle.process.internal.worker.child.ActionExecutionWorker.execute(ActionExecutionWorker.java:56)
	at org.gradle.process.internal.worker.child.SystemApplicationClassLoaderWorker.call(SystemApplicationClassLoaderWorker.java:121)
	at org.gradle.process.internal.worker.child.SystemApplicationClassLoaderWorker.call(SystemApplicationClassLoaderWorker.java:71)
	at worker.org.gradle.process.internal.worker.GradleWorkerMain.run(GradleWorkerMain.java:69)
	at worker.org.gradle.process.internal.worker.GradleWorkerMain.main(GradleWorkerMain.java:74)
</failure>
  </testcase>
  <testcase name="provider native conflict records identity resolution before execution" classname="com.nexio.tv.metadata.audit.MetadataExecutionAuditGoldenTest" time="0.315"/>
  <testcase name="report writer omits nullable rejected candidate source roles" classname="com.nexio.tv.metadata.audit.MetadataExecutionAuditGoldenTest" time="0.001"/>
  <testcase name="premium artwork providers win poster without refetching primary metadata" classname="com.nexio.tv.metadata.audit.MetadataExecutionAuditGoldenTest" time="9.797"/>
  <testcase name="production caller ownership is represented and legacy free" classname="com.nexio.tv.metadata.audit.MetadataExecutionAuditGoldenTest" time="0.311"/>
  <testcase name="rail audit scenarios use shared first paint provenance shape" classname="com.nexio.tv.metadata.audit.MetadataExecutionAuditGoldenTest" time="9.103"/>
  <testcase name="hydrated rail audit fields reject rail preview candidates when primary fields replace them" classname="com.nexio.tv.metadata.audit.MetadataExecutionAuditGoldenTest" time="9.162"/>
  <system-out><![CDATA[]]></system-out>
  <system-err><![CDATA[]]></system-err>
</testsuite>
